[{"line":1,"elements":[{"start_timestamp":"2023-10-11T19:38:46.537Z","line":4,"name":"login with valid data","description":"","id":"login;login-with-valid-data","type":"scenario","keyword":"Scenario","steps":[{"result":{"duration":3722391100,"status":"passed"},"line":5,"name":"User launches Chrome Browser","match":{"location":"com.ilcarro.stepDefinitions.HomePageSteps.userLaunchesBrowser()"},"keyword":"Given "},{"result":{"duration":1245051600,"status":"passed"},"line":6,"name":"User opens ilcarro HomePage","match":{"location":"com.ilcarro.stepDefinitions.HomePageSteps.openIlcarroHomePage()"},"keyword":"When "},{"result":{"duration":181515000,"status":"passed"},"line":7,"name":"User clicks on log in link","match":{"location":"com.ilcarro.stepDefinitions.LoginSteps.clickOnLoginLink()"},"keyword":"And "},{"result":{"duration":631048000,"status":"passed"},"line":8,"name":"User enters valid data","match":{"location":"com.ilcarro.stepDefinitions.LoginSteps.enterValidData()"},"keyword":"And "},{"result":{"duration":110846700,"status":"passed"},"line":9,"name":"User clicks on Yalla button","match":{"location":"com.ilcarro.stepDefinitions.LoginSteps.clickOnYallaButton()"},"keyword":"And "},{"result":{"error_message":"org.openqa.selenium.NoSuchElementException: no such element: Unable to locate element: {\"method\":\"xpath\",\"selector\":\"//h2[.='Logged in success']\"}\n  (Session info: chrome=116.0.5845.188)\nFor documentation on this error, please visit: https://www.selenium.dev/documentation/webdriver/troubleshooting/errors#no-such-element-exception\nBuild info: version: '4.14.0', revision: 'e5a96349ce'\nSystem info: os.name: 'Windows 10', os.arch: 'amd64', os.version: '10.0', java.version: '11.0.16'\nDriver info: org.openqa.selenium.chrome.ChromeDriver\nCommand: [879915532f719e011b834ff9fd068361, findElement {using=xpath, value=//h2[.='Logged in success']}]\nCapabilities {acceptInsecureCerts: false, browserName: chrome, browserVersion: 116.0.5845.188, chrome: {chromedriverVersion: 116.0.5845.96 (1a3918166880..., userDataDir: C:\\Users\\AITTRS~1\\AppData\\L...}, fedcm:accounts: true, goog:chromeOptions: {debuggerAddress: localhost:49315}, networkConnectionEnabled: false, pageLoadStrategy: normal, platformName: windows, proxy: Proxy(), se:cdp: ws://localhost:49315/devtoo..., se:cdpVersion: 116.0.5845.188, setWindowRect: true, strictFileInteractability: false, timeouts: {implicit: 0, pageLoad: 300000, script: 30000}, unhandledPromptBehavior: dismiss and notify, webauthn:extension:credBlob: true, webauthn:extension:largeBlob: true, webauthn:extension:minPinLength: true, webauthn:extension:prf: true, webauthn:virtualAuthenticators: true}\nSession ID: 879915532f719e011b834ff9fd068361\r\n\tat java.base/jdk.internal.reflect.NativeConstructorAccessorImpl.newInstance0(Native Method)\r\n\tat java.base/jdk.internal.reflect.NativeConstructorAccessorImpl.newInstance(NativeConstructorAccessorImpl.java:62)\r\n\tat java.base/jdk.internal.reflect.DelegatingConstructorAccessorImpl.newInstance(DelegatingConstructorAccessorImpl.java:45)\r\n\tat java.base/java.lang.reflect.Constructor.newInstance(Constructor.java:490)\r\n\tat org.openqa.selenium.remote.codec.w3c.W3CHttpResponseCodec.createException(W3CHttpResponseCodec.java:200)\r\n\tat org.openqa.selenium.remote.codec.w3c.W3CHttpResponseCodec.decode(W3CHttpResponseCodec.java:133)\r\n\tat org.openqa.selenium.remote.codec.w3c.W3CHttpResponseCodec.decode(W3CHttpResponseCodec.java:52)\r\n\tat org.openqa.selenium.remote.HttpCommandExecutor.execute(HttpCommandExecutor.java:191)\r\n\tat org.openqa.selenium.remote.service.DriverCommandExecutor.invokeExecute(DriverCommandExecutor.java:196)\r\n\tat org.openqa.selenium.remote.service.DriverCommandExecutor.execute(DriverCommandExecutor.java:171)\r\n\tat org.openqa.selenium.remote.RemoteWebDriver.execute(RemoteWebDriver.java:602)\r\n\tat org.openqa.selenium.remote.ElementLocation$ElementFinder$2.findElement(ElementLocation.java:165)\r\n\tat org.openqa.selenium.remote.ElementLocation.findElement(ElementLocation.java:59)\r\n\tat org.openqa.selenium.remote.RemoteWebDriver.findElement(RemoteWebDriver.java:359)\r\n\tat org.openqa.selenium.remote.RemoteWebDriver.findElement(RemoteWebDriver.java:353)\r\n\tat org.openqa.selenium.support.pagefactory.DefaultElementLocator.findElement(DefaultElementLocator.java:68)\r\n\tat org.openqa.selenium.support.pagefactory.internal.LocatingElementHandler.invoke(LocatingElementHandler.java:38)\r\n\tat com.sun.proxy.$Proxy18.isDisplayed(Unknown Source)\r\n\tat com.ilcarro.pages.BasePage.isElementDisplayed(BasePage.java:41)\r\n\tat com.ilcarro.pages.LoginPage.isLoginMessageDisplayed(LoginPage.java:39)\r\n\tat com.ilcarro.stepDefinitions.LoginSteps.verifyLoginMessage(LoginSteps.java:30)\r\n\tat ✽.User verifies log in message(file:///C:/AIT%20TR/QA/QA26_CucumberProject/src/test/resources/features/login.feature:10)\r\n","duration":80784800,"status":"failed"},"line":10,"name":"User verifies log in message","match":{"location":"com.ilcarro.stepDefinitions.LoginSteps.verifyLoginMessage()"},"keyword":"Then "},{"result":{"status":"skipped"},"line":11,"name":"User quites browser","match":{"location":"com.ilcarro.stepDefinitions.HomePageSteps.quitBrowser()"},"keyword":"And "}],"tags":[{"name":"@login"}]},{"start_timestamp":"2023-10-11T19:38:52.651Z","line":26,"name":"login with valid email and wrong password","description":"","id":"login;login-with-valid-email-and-wrong-password;;2","type":"scenario","keyword":"Scenario Outline","steps":[{"result":{"duration":2025304000,"status":"passed"},"line":15,"name":"User launches Chrome Browser","match":{"location":"com.ilcarro.stepDefinitions.HomePageSteps.userLaunchesBrowser()"},"keyword":"Given "},{"result":{"duration":1478689600,"status":"passed"},"line":16,"name":"User opens ilcarro HomePage","match":{"location":"com.ilcarro.stepDefinitions.HomePageSteps.openIlcarroHomePage()"},"keyword":"When "},{"result":{"duration":225504300,"status":"passed"},"line":17,"name":"User clicks on log in link","match":{"location":"com.ilcarro.stepDefinitions.LoginSteps.clickOnLoginLink()"},"keyword":"And "},{"result":{"duration":661555500,"status":"passed"},"line":18,"name":"User enters valid email and wrong password","match":{"location":"com.ilcarro.stepDefinitions.LoginSteps.enterValidEmailWrongPassword(io.cucumber.datatable.DataTable)"},"rows":[{"cells":["email","password"]},{"cells":["adam@gm.com","Adam123"]}],"keyword":"And "},{"result":{"duration":118309600,"status":"passed"},"line":21,"name":"User clicks on Yalla button","match":{"location":"com.ilcarro.stepDefinitions.LoginSteps.clickOnYallaButton()"},"keyword":"And "},{"result":{"error_message":"org.openqa.selenium.NoSuchElementException: no such element: Unable to locate element: {\"method\":\"xpath\",\"selector\":\"//h2[.='\"Login or Password incorrect\"']\"}\n  (Session info: chrome=116.0.5845.188)\nFor documentation on this error, please visit: https://www.selenium.dev/documentation/webdriver/troubleshooting/errors#no-such-element-exception\nBuild info: version: '4.14.0', revision: 'e5a96349ce'\nSystem info: os.name: 'Windows 10', os.arch: 'amd64', os.version: '10.0', java.version: '11.0.16'\nDriver info: org.openqa.selenium.chrome.ChromeDriver\nCommand: [ef002de8fd778c6c38966c7c72ed167d, findElement {using=xpath, value=//h2[.='\"Login or Password incorrect\"']}]\nCapabilities {acceptInsecureCerts: false, browserName: chrome, browserVersion: 116.0.5845.188, chrome: {chromedriverVersion: 116.0.5845.96 (1a3918166880..., userDataDir: C:\\Users\\AITTRS~1\\AppData\\L...}, fedcm:accounts: true, goog:chromeOptions: {debuggerAddress: localhost:49345}, networkConnectionEnabled: false, pageLoadStrategy: normal, platformName: windows, proxy: Proxy(), se:cdp: ws://localhost:49345/devtoo..., se:cdpVersion: 116.0.5845.188, setWindowRect: true, strictFileInteractability: false, timeouts: {implicit: 0, pageLoad: 300000, script: 30000}, unhandledPromptBehavior: dismiss and notify, webauthn:extension:credBlob: true, webauthn:extension:largeBlob: true, webauthn:extension:minPinLength: true, webauthn:extension:prf: true, webauthn:virtualAuthenticators: true}\nSession ID: ef002de8fd778c6c38966c7c72ed167d\r\n\tat java.base/jdk.internal.reflect.NativeConstructorAccessorImpl.newInstance0(Native Method)\r\n\tat java.base/jdk.internal.reflect.NativeConstructorAccessorImpl.newInstance(NativeConstructorAccessorImpl.java:62)\r\n\tat java.base/jdk.internal.reflect.DelegatingConstructorAccessorImpl.newInstance(DelegatingConstructorAccessorImpl.java:45)\r\n\tat java.base/java.lang.reflect.Constructor.newInstance(Constructor.java:490)\r\n\tat org.openqa.selenium.remote.codec.w3c.W3CHttpResponseCodec.createException(W3CHttpResponseCodec.java:200)\r\n\tat org.openqa.selenium.remote.codec.w3c.W3CHttpResponseCodec.decode(W3CHttpResponseCodec.java:133)\r\n\tat org.openqa.selenium.remote.codec.w3c.W3CHttpResponseCodec.decode(W3CHttpResponseCodec.java:52)\r\n\tat org.openqa.selenium.remote.HttpCommandExecutor.execute(HttpCommandExecutor.java:191)\r\n\tat org.openqa.selenium.remote.service.DriverCommandExecutor.invokeExecute(DriverCommandExecutor.java:196)\r\n\tat org.openqa.selenium.remote.service.DriverCommandExecutor.execute(DriverCommandExecutor.java:171)\r\n\tat org.openqa.selenium.remote.RemoteWebDriver.execute(RemoteWebDriver.java:602)\r\n\tat org.openqa.selenium.remote.ElementLocation$ElementFinder$2.findElement(ElementLocation.java:165)\r\n\tat org.openqa.selenium.remote.ElementLocation.findElement(ElementLocation.java:59)\r\n\tat org.openqa.selenium.remote.RemoteWebDriver.findElement(RemoteWebDriver.java:359)\r\n\tat org.openqa.selenium.remote.RemoteWebDriver.findElement(RemoteWebDriver.java:353)\r\n\tat org.openqa.selenium.support.pagefactory.DefaultElementLocator.findElement(DefaultElementLocator.java:68)\r\n\tat org.openqa.selenium.support.pagefactory.internal.LocatingElementHandler.invoke(LocatingElementHandler.java:38)\r\n\tat com.sun.proxy.$Proxy18.isDisplayed(Unknown Source)\r\n\tat com.ilcarro.pages.BasePage.isElementDisplayed(BasePage.java:41)\r\n\tat com.ilcarro.pages.LoginPage.getError(LoginPage.java:56)\r\n\tat com.ilcarro.stepDefinitions.LoginSteps.verifyErrorMessage(LoginSteps.java:40)\r\n\tat ✽.User verifies error message(file:///C:/AIT%20TR/QA/QA26_CucumberProject/src/test/resources/features/login.feature:22)\r\n","duration":41720700,"status":"failed"},"line":22,"name":"User verifies error message","match":{"location":"com.ilcarro.stepDefinitions.LoginSteps.verifyErrorMessage()"},"keyword":"Then "},{"result":{"status":"skipped"},"line":23,"name":"User quites browser","match":{"location":"com.ilcarro.stepDefinitions.HomePageSteps.quitBrowser()"},"keyword":"And "}],"tags":[{"name":"@wrongPassword"}]},{"start_timestamp":"2023-10-11T19:38:57.229Z","line":27,"name":"login with valid email and wrong password","description":"","id":"login;login-with-valid-email-and-wrong-password;;3","type":"scenario","keyword":"Scenario Outline","steps":[{"result":{"duration":2094001300,"status":"passed"},"line":15,"name":"User launches Chrome Browser","match":{"location":"com.ilcarro.stepDefinitions.HomePageSteps.userLaunchesBrowser()"},"keyword":"Given "},{"result":{"duration":1516278300,"status":"passed"},"line":16,"name":"User opens ilcarro HomePage","match":{"location":"com.ilcarro.stepDefinitions.HomePageSteps.openIlcarroHomePage()"},"keyword":"When "},{"result":{"duration":171279700,"status":"passed"},"line":17,"name":"User clicks on log in link","match":{"location":"com.ilcarro.stepDefinitions.LoginSteps.clickOnLoginLink()"},"keyword":"And "},{"result":{"duration":666471100,"status":"passed"},"line":18,"name":"User enters valid email and wrong password","match":{"location":"com.ilcarro.stepDefinitions.LoginSteps.enterValidEmailWrongPassword(io.cucumber.datatable.DataTable)"},"rows":[{"cells":["email","password"]},{"cells":["adam@gm.com","Adam12345$"]}],"keyword":"And "},{"result":{"duration":108828600,"status":"passed"},"line":21,"name":"User clicks on Yalla button","match":{"location":"com.ilcarro.stepDefinitions.LoginSteps.clickOnYallaButton()"},"keyword":"And "},{"result":{"error_message":"org.openqa.selenium.NoSuchElementException: no such element: Unable to locate element: {\"method\":\"xpath\",\"selector\":\"//h2[.='\"Login or Password incorrect\"']\"}\n  (Session info: chrome=116.0.5845.188)\nFor documentation on this error, please visit: https://www.selenium.dev/documentation/webdriver/troubleshooting/errors#no-such-element-exception\nBuild info: version: '4.14.0', revision: 'e5a96349ce'\nSystem info: os.name: 'Windows 10', os.arch: 'amd64', os.version: '10.0', java.version: '11.0.16'\nDriver info: org.openqa.selenium.chrome.ChromeDriver\nCommand: [1382fd865dbe1ab73ba789c7f3f05c09, findElement {using=xpath, value=//h2[.='\"Login or Password incorrect\"']}]\nCapabilities {acceptInsecureCerts: false, browserName: chrome, browserVersion: 116.0.5845.188, chrome: {chromedriverVersion: 116.0.5845.96 (1a3918166880..., userDataDir: C:\\Users\\AITTRS~1\\AppData\\L...}, fedcm:accounts: true, goog:chromeOptions: {debuggerAddress: localhost:49376}, networkConnectionEnabled: false, pageLoadStrategy: normal, platformName: windows, proxy: Proxy(), se:cdp: ws://localhost:49376/devtoo..., se:cdpVersion: 116.0.5845.188, setWindowRect: true, strictFileInteractability: false, timeouts: {implicit: 0, pageLoad: 300000, script: 30000}, unhandledPromptBehavior: dismiss and notify, webauthn:extension:credBlob: true, webauthn:extension:largeBlob: true, webauthn:extension:minPinLength: true, webauthn:extension:prf: true, webauthn:virtualAuthenticators: true}\nSession ID: 1382fd865dbe1ab73ba789c7f3f05c09\r\n\tat java.base/jdk.internal.reflect.NativeConstructorAccessorImpl.newInstance0(Native Method)\r\n\tat java.base/jdk.internal.reflect.NativeConstructorAccessorImpl.newInstance(NativeConstructorAccessorImpl.java:62)\r\n\tat java.base/jdk.internal.reflect.DelegatingConstructorAccessorImpl.newInstance(DelegatingConstructorAccessorImpl.java:45)\r\n\tat java.base/java.lang.reflect.Constructor.newInstance(Constructor.java:490)\r\n\tat org.openqa.selenium.remote.codec.w3c.W3CHttpResponseCodec.createException(W3CHttpResponseCodec.java:200)\r\n\tat org.openqa.selenium.remote.codec.w3c.W3CHttpResponseCodec.decode(W3CHttpResponseCodec.java:133)\r\n\tat org.openqa.selenium.remote.codec.w3c.W3CHttpResponseCodec.decode(W3CHttpResponseCodec.java:52)\r\n\tat org.openqa.selenium.remote.HttpCommandExecutor.execute(HttpCommandExecutor.java:191)\r\n\tat org.openqa.selenium.remote.service.DriverCommandExecutor.invokeExecute(DriverCommandExecutor.java:196)\r\n\tat org.openqa.selenium.remote.service.DriverCommandExecutor.execute(DriverCommandExecutor.java:171)\r\n\tat org.openqa.selenium.remote.RemoteWebDriver.execute(RemoteWebDriver.java:602)\r\n\tat org.openqa.selenium.remote.ElementLocation$ElementFinder$2.findElement(ElementLocation.java:165)\r\n\tat org.openqa.selenium.remote.ElementLocation.findElement(ElementLocation.java:59)\r\n\tat org.openqa.selenium.remote.RemoteWebDriver.findElement(RemoteWebDriver.java:359)\r\n\tat org.openqa.selenium.remote.RemoteWebDriver.findElement(RemoteWebDriver.java:353)\r\n\tat org.openqa.selenium.support.pagefactory.DefaultElementLocator.findElement(DefaultElementLocator.java:68)\r\n\tat org.openqa.selenium.support.pagefactory.internal.LocatingElementHandler.invoke(LocatingElementHandler.java:38)\r\n\tat com.sun.proxy.$Proxy18.isDisplayed(Unknown Source)\r\n\tat com.ilcarro.pages.BasePage.isElementDisplayed(BasePage.java:41)\r\n\tat com.ilcarro.pages.LoginPage.getError(LoginPage.java:56)\r\n\tat com.ilcarro.stepDefinitions.LoginSteps.verifyErrorMessage(LoginSteps.java:40)\r\n\tat ✽.User verifies error message(file:///C:/AIT%20TR/QA/QA26_CucumberProject/src/test/resources/features/login.feature:22)\r\n","duration":50866300,"status":"failed"},"line":22,"name":"User verifies error message","match":{"location":"com.ilcarro.stepDefinitions.LoginSteps.verifyErrorMessage()"},"keyword":"Then "},{"result":{"status":"skipped"},"line":23,"name":"User quites browser","match":{"location":"com.ilcarro.stepDefinitions.HomePageSteps.quitBrowser()"},"keyword":"And "}],"tags":[{"name":"@wrongPassword"}]},{"start_timestamp":"2023-10-11T19:39:01.853Z","line":28,"name":"login with valid email and wrong password","description":"","id":"login;login-with-valid-email-and-wrong-password;;4","type":"scenario","keyword":"Scenario Outline","steps":[{"result":{"duration":2111927500,"status":"passed"},"line":15,"name":"User launches Chrome Browser","match":{"location":"com.ilcarro.stepDefinitions.HomePageSteps.userLaunchesBrowser()"},"keyword":"Given "},{"result":{"duration":1450020800,"status":"passed"},"line":16,"name":"User opens ilcarro HomePage","match":{"location":"com.ilcarro.stepDefinitions.HomePageSteps.openIlcarroHomePage()"},"keyword":"When "},{"result":{"duration":151087800,"status":"passed"},"line":17,"name":"User clicks on log in link","match":{"location":"com.ilcarro.stepDefinitions.LoginSteps.clickOnLoginLink()"},"keyword":"And "},{"result":{"duration":716730700,"status":"passed"},"line":18,"name":"User enters valid email and wrong password","match":{"location":"com.ilcarro.stepDefinitions.LoginSteps.enterValidEmailWrongPassword(io.cucumber.datatable.DataTable)"},"rows":[{"cells":["email","password"]},{"cells":["adam@gm.com","Adam1234!!!"]}],"keyword":"And "},{"result":{"duration":90757700,"status":"passed"},"line":21,"name":"User clicks on Yalla button","match":{"location":"com.ilcarro.stepDefinitions.LoginSteps.clickOnYallaButton()"},"keyword":"And "},{"result":{"error_message":"org.openqa.selenium.NoSuchElementException: no such element: Unable to locate element: {\"method\":\"xpath\",\"selector\":\"//h2[.='\"Login or Password incorrect\"']\"}\n  (Session info: chrome=116.0.5845.188)\nFor documentation on this error, please visit: https://www.selenium.dev/documentation/webdriver/troubleshooting/errors#no-such-element-exception\nBuild info: version: '4.14.0', revision: 'e5a96349ce'\nSystem info: os.name: 'Windows 10', os.arch: 'amd64', os.version: '10.0', java.version: '11.0.16'\nDriver info: org.openqa.selenium.chrome.ChromeDriver\nCommand: [c288939e8963aeb4b65e1b1072626365, findElement {using=xpath, value=//h2[.='\"Login or Password incorrect\"']}]\nCapabilities {acceptInsecureCerts: false, browserName: chrome, browserVersion: 116.0.5845.188, chrome: {chromedriverVersion: 116.0.5845.96 (1a3918166880..., userDataDir: C:\\Users\\AITTRS~1\\AppData\\L...}, fedcm:accounts: true, goog:chromeOptions: {debuggerAddress: localhost:49408}, networkConnectionEnabled: false, pageLoadStrategy: normal, platformName: windows, proxy: Proxy(), se:cdp: ws://localhost:49408/devtoo..., se:cdpVersion: 116.0.5845.188, setWindowRect: true, strictFileInteractability: false, timeouts: {implicit: 0, pageLoad: 300000, script: 30000}, unhandledPromptBehavior: dismiss and notify, webauthn:extension:credBlob: true, webauthn:extension:largeBlob: true, webauthn:extension:minPinLength: true, webauthn:extension:prf: true, webauthn:virtualAuthenticators: true}\nSession ID: c288939e8963aeb4b65e1b1072626365\r\n\tat java.base/jdk.internal.reflect.NativeConstructorAccessorImpl.newInstance0(Native Method)\r\n\tat java.base/jdk.internal.reflect.NativeConstructorAccessorImpl.newInstance(NativeConstructorAccessorImpl.java:62)\r\n\tat java.base/jdk.internal.reflect.DelegatingConstructorAccessorImpl.newInstance(DelegatingConstructorAccessorImpl.java:45)\r\n\tat java.base/java.lang.reflect.Constructor.newInstance(Constructor.java:490)\r\n\tat org.openqa.selenium.remote.codec.w3c.W3CHttpResponseCodec.createException(W3CHttpResponseCodec.java:200)\r\n\tat org.openqa.selenium.remote.codec.w3c.W3CHttpResponseCodec.decode(W3CHttpResponseCodec.java:133)\r\n\tat org.openqa.selenium.remote.codec.w3c.W3CHttpResponseCodec.decode(W3CHttpResponseCodec.java:52)\r\n\tat org.openqa.selenium.remote.HttpCommandExecutor.execute(HttpCommandExecutor.java:191)\r\n\tat org.openqa.selenium.remote.service.DriverCommandExecutor.invokeExecute(DriverCommandExecutor.java:196)\r\n\tat org.openqa.selenium.remote.service.DriverCommandExecutor.execute(DriverCommandExecutor.java:171)\r\n\tat org.openqa.selenium.remote.RemoteWebDriver.execute(RemoteWebDriver.java:602)\r\n\tat org.openqa.selenium.remote.ElementLocation$ElementFinder$2.findElement(ElementLocation.java:165)\r\n\tat org.openqa.selenium.remote.ElementLocation.findElement(ElementLocation.java:59)\r\n\tat org.openqa.selenium.remote.RemoteWebDriver.findElement(RemoteWebDriver.java:359)\r\n\tat org.openqa.selenium.remote.RemoteWebDriver.findElement(RemoteWebDriver.java:353)\r\n\tat org.openqa.selenium.support.pagefactory.DefaultElementLocator.findElement(DefaultElementLocator.java:68)\r\n\tat org.openqa.selenium.support.pagefactory.internal.LocatingElementHandler.invoke(LocatingElementHandler.java:38)\r\n\tat com.sun.proxy.$Proxy18.isDisplayed(Unknown Source)\r\n\tat com.ilcarro.pages.BasePage.isElementDisplayed(BasePage.java:41)\r\n\tat com.ilcarro.pages.LoginPage.getError(LoginPage.java:56)\r\n\tat com.ilcarro.stepDefinitions.LoginSteps.verifyErrorMessage(LoginSteps.java:40)\r\n\tat ✽.User verifies error message(file:///C:/AIT%20TR/QA/QA26_CucumberProject/src/test/resources/features/login.feature:22)\r\n","duration":47070400,"status":"failed"},"line":22,"name":"User verifies error message","match":{"location":"com.ilcarro.stepDefinitions.LoginSteps.verifyErrorMessage()"},"keyword":"Then "},{"result":{"status":"skipped"},"line":23,"name":"User quites browser","match":{"location":"com.ilcarro.stepDefinitions.HomePageSteps.quitBrowser()"},"keyword":"And "}],"tags":[{"name":"@wrongPassword"}]}],"name":"login","description":"","id":"login","keyword":"Feature","uri":"file:src/test/resources/features/login.feature","tags":[]},{"line":1,"elements":[{"start_timestamp":"2023-10-11T19:39:06.532Z","line":4,"name":"Verify HomePage title is displayed","description":"","id":"homepge-ui;verify-homepage-title-is-displayed","type":"scenario","keyword":"Scenario","steps":[{"result":{"duration":2153050500,"status":"passed"},"line":5,"name":"User launches Chrome Browser","match":{"location":"com.ilcarro.stepDefinitions.HomePageSteps.userLaunchesBrowser()"},"keyword":"Given "},{"result":{"duration":3146470100,"status":"passed"},"line":6,"name":"User opens ilcarro HomePage","match":{"location":"com.ilcarro.stepDefinitions.HomePageSteps.openIlcarroHomePage()"},"keyword":"When "},{"result":{"status":"undefined"},"line":7,"name":"User verifies HomePage title","match":{},"keyword":"Then "}],"tags":[{"name":"@navigate"}]}],"name":"HomePge UI","description":"","id":"homepge-ui","keyword":"Feature","uri":"file:src/test/resources/features/navigate.feature","tags":[]}]